{"C:\\2020\\Jest\\lesson3\\math.js": {"path":"C:\\2020\\Jest\\lesson3\\math.js","statementMap":{"0":{"start":{"line":2,"column":2},"end":{"line":2,"column":14}},"1":{"start":{"line":6,"column":2},"end":{"line":6,"column":14}},"2":{"start":{"line":10,"column":2},"end":{"line":10,"column":14}},"3":{"start":{"line":13,"column":0},"end":{"line":21,"column":1}},"4":{"start":{"line":14,"column":2},"end":{"line":18,"column":3}},"5":{"start":{"line":20,"column":2},"end":{"line":20,"column":16}}},"fnMap":{"0":{"name":"add","decl":{"start":{"line":1,"column":9},"end":{"line":1,"column":12}},"loc":{"start":{"line":1,"column":19},"end":{"line":3,"column":1}},"line":1},"1":{"name":"minus","decl":{"start":{"line":5,"column":9},"end":{"line":5,"column":14}},"loc":{"start":{"line":5,"column":21},"end":{"line":7,"column":1}},"line":5},"2":{"name":"multi","decl":{"start":{"line":9,"column":9},"end":{"line":9,"column":14}},"loc":{"start":{"line":9,"column":21},"end":{"line":11,"column":1}},"line":9}},"branchMap":{},"s":{"0":1,"1":0,"2":0,"3":1,"4":1,"5":0},"f":{"0":1,"1":0,"2":0},"b":{},"_coverageSchema":"43e27e138ebf9cfc5966b082cf9a028302ed4184","hash":"1ea5825cd69e5fcc3721d50d828f0ac08c7522b4"}
}
